# JRE version: OpenJDK Runtime Environment (8.0_212-b04) (build 1.8.0_212-release-1586-b04)
# Java VM: OpenJDK 64-Bit Server VM (25.212-b04 mixed mode windows-amd64 compressed oops)
Heap:
 PSYoungGen      total 62976K, used 32584K [0x00000000e0000000, 0x00000000e4800000, 0x0000000100000000)
  eden space 53248K, 51% used [0x00000000e0000000,0x00000000e1ab59c8,0x00000000e3400000)
  from space 9728K, 53% used [0x00000000e3e80000,0x00000000e439c8b8,0x00000000e4800000)
  to   space 10240K, 0% used [0x00000000e3400000,0x00000000e3400000,0x00000000e3e00000)
 ParOldGen       total 60928K, used 10540K [0x00000000a0000000, 0x00000000a3b80000, 0x00000000e0000000)
  object space 60928K, 17% used [0x00000000a0000000,0x00000000a0a4b380,0x00000000a3b80000)
 Metaspace       used 29744K, capacity 30236K, committed 30464K, reserved 1075200K
  class space    used 4108K, capacity 4305K, committed 4352K, reserved 1048576K
GC Heap History (10 events):
Event: 7.290 GC heap before
{Heap before GC invocations=5 (full 0):
 PSYoungGen      total 38400K, used 38384K [0x00000000e0000000, 0x00000000e2a80000, 0x0000000100000000)
  eden space 33280K, 100% used [0x00000000e0000000,0x00000000e2080000,0x00000000e2080000)
  from space 5120K, 99% used [0x00000000e2580000,0x00000000e2a7c010,0x00000000e2a80000)
  to   space 5120K, 0% used [0x00000000e2080000,0x00000000e2080000,0x00000000e2580000)
 ParOldGen       total 87552K, used 5243K [0x00000000a0000000, 0x00000000a5580000, 0x00000000e0000000)
  object space 87552K, 5% used [0x00000000a0000000,0x00000000a051efa8,0x00000000a5580000)
 Metaspace       used 19467K, capacity 19902K, committed 20224K, reserved 1067008K
  class space    used 2807K, capacity 2998K, committed 3072K, reserved 1048576K
Event: 7.302 GC heap after
Heap after GC invocations=5 (full 0):
 PSYoungGen      total 37888K, used 5108K [0x00000000e0000000, 0x00000000e3600000, 0x0000000100000000)
  eden space 32768K, 0% used [0x00000000e0000000,0x00000000e0000000,0x00000000e2000000)
  from space 5120K, 99% used [0x00000000e2080000,0x00000000e257d040,0x00000000e2580000)
  to   space 11264K, 0% used [0x00000000e2b00000,0x00000000e2b00000,0x00000000e3600000)
 ParOldGen       total 87552K, used 9392K [0x00000000a0000000, 0x00000000a5580000, 0x00000000e0000000)
  object space 87552K, 10% used [0x00000000a0000000,0x00000000a092c080,0x00000000a5580000)
 Metaspace       used 19467K, capacity 19902K, committed 20224K, reserved 1067008K
  class space    used 2807K, capacity 2998K, committed 3072K, reserved 1048576K
}
Event: 7.482 GC heap before
{Heap before GC invocations=6 (full 0):
 PSYoungGen      total 37888K, used 13638K [0x00000000e0000000, 0x00000000e3600000, 0x0000000100000000)
  eden space 32768K, 26% used [0x00000000e0000000,0x00000000e0854a50,0x00000000e2000000)
  from space 5120K, 99% used [0x00000000e2080000,0x00000000e257d040,0x00000000e2580000)
  to   space 11264K, 0% used [0x00000000e2b00000,0x00000000e2b00000,0x00000000e3600000)
 ParOldGen       total 87552K, used 9392K [0x00000000a0000000, 0x00000000a5580000, 0x00000000e0000000)
  object space 87552K, 10% used [0x00000000a0000000,0x00000000a092c080,0x00000000a5580000)
 Metaspace       used 20681K, capacity 21086K, committed 21296K, reserved 1067008K
  class space    used 2914K, capacity 3094K, committed 3200K, reserved 1048576K
Event: 7.492 GC heap after
Heap after GC invocations=6 (full 0):
 PSYoungGen      total 44032K, used 6434K [0x00000000e0000000, 0x00000000e3600000, 0x0000000100000000)
  eden space 32768K, 0% used [0x00000000e0000000,0x00000000e0000000,0x00000000e2000000)
  from space 11264K, 57% used [0x00000000e2b00000,0x00000000e3148828,0x00000000e3600000)
  to   space 5120K, 0% used [0x00000000e2080000,0x00000000e2080000,0x00000000e2580000)
 ParOldGen       total 87552K, used 9400K [0x00000000a0000000, 0x00000000a5580000, 0x00000000e0000000)
  object space 87552K, 10% used [0x00000000a0000000,0x00000000a092e080,0x00000000a5580000)
 Metaspace       used 20681K, capacity 21086K, committed 21296K, reserved 1067008K
  class space    used 2914K, capacity 3094K, committed 3200K, reserved 1048576K
}
Event: 7.492 GC heap before
{Heap before GC invocations=7 (full 1):
 PSYoungGen      total 44032K, used 6434K [0x00000000e0000000, 0x00000000e3600000, 0x0000000100000000)
  eden space 32768K, 0% used [0x00000000e0000000,0x00000000e0000000,0x00000000e2000000)
  from space 11264K, 57% used [0x00000000e2b00000,0x00000000e3148828,0x00000000e3600000)
  to   space 5120K, 0% used [0x00000000e2080000,0x00000000e2080000,0x00000000e2580000)
 ParOldGen       total 87552K, used 9400K [0x00000000a0000000, 0x00000000a5580000, 0x00000000e0000000)
  object space 87552K, 10% used [0x00000000a0000000,0x00000000a092e080,0x00000000a5580000)
 Metaspace       used 20681K, capacity 21086K, committed 21296K, reserved 1067008K
  class space    used 2914K, capacity 3094K, committed 3200K, reserved 1048576K
Event: 7.566 GC heap after
Heap after GC invocations=7 (full 1):
 PSYoungGen      total 44032K, used 0K [0x00000000e0000000, 0x00000000e3600000, 0x0000000100000000)
  eden space 32768K, 0% used [0x00000000e0000000,0x00000000e0000000,0x00000000e2000000)
  from space 11264K, 0% used [0x00000000e2b00000,0x00000000e2b00000,0x00000000e3600000)
  to   space 5120K, 0% used [0x00000000e2080000,0x00000000e2080000,0x00000000e2580000)
 ParOldGen       total 60928K, used 10524K [0x00000000a0000000, 0x00000000a3b80000, 0x00000000e0000000)
  object space 60928K, 17% used [0x00000000a0000000,0x00000000a0a47380,0x00000000a3b80000)
 Metaspace       used 20681K, capacity 21086K, committed 21296K, reserved 1067008K
  class space    used 2914K, capacity 3094K, committed 3200K, reserved 1048576K
}
Event: 8.398 GC heap before
{Heap before GC invocations=8 (full 1):
 PSYoungGen      total 44032K, used 32768K [0x00000000e0000000, 0x00000000e3600000, 0x0000000100000000)
  eden space 32768K, 100% used [0x00000000e0000000,0x00000000e2000000,0x00000000e2000000)
  from space 11264K, 0% used [0x00000000e2b00000,0x00000000e2b00000,0x00000000e3600000)
  to   space 5120K, 0% used [0x00000000e2080000,0x00000000e2080000,0x00000000e2580000)
 ParOldGen       total 60928K, used 10524K [0x00000000a0000000, 0x00000000a3b80000, 0x00000000e0000000)
  object space 60928K, 17% used [0x00000000a0000000,0x00000000a0a47380,0x00000000a3b80000)
 Metaspace       used 25660K, capacity 26106K, committed 26240K, reserved 1071104K
  class space    used 3449K, capacity 3614K, committed 3712K, reserved 1048576K
Event: 8.407 GC heap after
Heap after GC invocations=8 (full 1):
 PSYoungGen      total 38400K, used 4259K [0x00000000e0000000, 0x00000000e4880000, 0x0000000100000000)
  eden space 33280K, 0% used [0x00000000e0000000,0x00000000e0000000,0x00000000e2080000)
  from space 5120K, 83% used [0x00000000e2080000,0x00000000e24a8c80,0x00000000e2580000)
  to   space 10240K, 0% used [0x00000000e3e80000,0x00000000e3e80000,0x00000000e4880000)
 ParOldGen       total 60928K, used 10532K [0x00000000a0000000, 0x00000000a3b80000, 0x00000000e0000000)
  object space 60928K, 17% used [0x00000000a0000000,0x00000000a0a49380,0x00000000a3b80000)
 Metaspace       used 25660K, capacity 26106K, committed 26240K, reserved 1071104K
  class space    used 3449K, capacity 3614K, committed 3712K, reserved 1048576K
}
Event: 9.172 GC heap before
{Heap before GC invocations=9 (full 1):
 PSYoungGen      total 38400K, used 37539K [0x00000000e0000000, 0x00000000e4880000, 0x0000000100000000)
  eden space 33280K, 100% used [0x00000000e0000000,0x00000000e2080000,0x00000000e2080000)
  from space 5120K, 83% used [0x00000000e2080000,0x00000000e24a8c80,0x00000000e2580000)
  to   space 10240K, 0% used [0x00000000e3e80000,0x00000000e3e80000,0x00000000e4880000)
 ParOldGen       total 60928K, used 10532K [0x00000000a0000000, 0x00000000a3b80000, 0x00000000e0000000)
  object space 60928K, 17% used [0x00000000a0000000,0x00000000a0a49380,0x00000000a3b80000)
 Metaspace       used 27919K, capacity 28364K, committed 28672K, reserved 1073152K
  class space    used 3824K, capacity 4001K, committed 4096K, reserved 1048576K
Event: 9.180 GC heap after
Heap after GC invocations=9 (full 1):
 PSYoungGen      total 62976K, used 5234K [0x00000000e0000000, 0x00000000e4800000, 0x0000000100000000)
  eden space 53248K, 0% used [0x00000000e0000000,0x00000000e0000000,0x00000000e3400000)
  from space 9728K, 53% used [0x00000000e3e80000,0x00000000e439c8b8,0x00000000e4800000)
  to   space 10240K, 0% used [0x00000000e3400000,0x00000000e3400000,0x00000000e3e00000)
 ParOldGen       total 60928K, used 10540K [0x00000000a0000000, 0x00000000a3b80000, 0x00000000e0000000)
  object space 60928K, 17% used [0x00000000a0000000,0x00000000a0a4b380,0x00000000a3b80000)
 Metaspace       used 27919K, capacity 28364K, committed 28672K, reserved 1073152K
  class space    used 3824K, capacity 4001K, committed 4096K, reserved 1048576K
}

